#
# There is insufficient memory for the Java Runtime Environment to continue.
# Native memory allocation (malloc) failed to allocate 1581776 bytes for Chunk::new
# Possible reasons:
#   The system is out of physical RAM or swap space
#   The process is running with CompressedOops enabled, and the Java Heap may be blocking the growth of the native heap
# Possible solutions:
#   Reduce memory load on the system
#   Increase physical memory or swap space
#   Check if swap backing store is full
#   Decrease Java heap size (-Xmx/-Xms)
#   Decrease number of Java threads
#   Decrease Java thread stack sizes (-Xss)
#   Set larger code cache with -XX:ReservedCodeCacheSize=
#   JVM is running with Unscaled Compressed Oops mode in which the Java heap is
#     placed in the first 4GB address space. The Java Heap base address is the
#     maximum limit for the native heap growth. Please use -XX:HeapBaseMinAddress
#     to set the Java Heap base and to place the Java Heap above 4GB virtual address.
# This output file may be truncated or incomplete.
#
#  Out of Memory Error (allocation.cpp:389), pid=10912, tid=0x00000000000036a8
#
# JRE version: Java(TM) SE Runtime Environment (8.0_221-b11) (build 1.8.0_221-b11)
# Java VM: Java HotSpot(TM) 64-Bit Server VM (25.221-b11 mixed mode windows-amd64 compressed oops)
# Failed to write core dump. Minidumps are not enabled by default on client versions of Windows
#

---------------  T H R E A D  ---------------

Current thread (0x0000000017f37800):  JavaThread "C2 CompilerThread0" daemon [_thread_in_native, id=13992, stack(0x0000000019540000,0x0000000019640000)]

Stack: [0x0000000019540000,0x0000000019640000]
[error occurred during error reporting (printing stack bounds), id 0xc0000005]

Native frames: (J=compiled Java code, j=interpreted, Vv=VM code, C=native code)


Current CompileTask:
C2:3221707 22156   !   4       java.util.Formatter::format (271 bytes)


---------------  P R O C E S S  ---------------

Java Threads: ( => current thread )
  0x000000002458f800 JavaThread "stdout" daemon [_thread_in_native, id=20688, stack(0x000000002a9c0000,0x000000002aac0000)]
  0x000000002458e800 JavaThread "stderr" daemon [_thread_in_native, id=1732, stack(0x000000002a8c0000,0x000000002a9c0000)]
  0x0000000024587000 JavaThread "stdout" daemon [_thread_in_native, id=4844, stack(0x000000002a7c0000,0x000000002a8c0000)]
  0x000000002458e000 JavaThread "stderr" daemon [_thread_in_native, id=252, stack(0x000000002a6c0000,0x000000002a7c0000)]
  0x0000000024588800 JavaThread "stdout" daemon [_thread_in_native, id=20640, stack(0x000000002a5c0000,0x000000002a6c0000)]
  0x000000002458b800 JavaThread "stderr" daemon [_thread_in_native, id=18924, stack(0x000000002a4c0000,0x000000002a5c0000)]
  0x000000002458d000 JavaThread "pool-27-thread-1" [_thread_blocked, id=19200, stack(0x000000002a3c0000,0x000000002a4c0000)]
  0x0000000024584000 JavaThread "stdout" daemon [_thread_in_native, id=3588, stack(0x000000002a2c0000,0x000000002a3c0000)]
  0x0000000024586800 JavaThread "stderr" daemon [_thread_in_native, id=12708, stack(0x000000002a1c0000,0x000000002a2c0000)]
  0x0000000024588000 JavaThread "stdout" daemon [_thread_in_native, id=19780, stack(0x0000000028cc0000,0x0000000028dc0000)]
  0x000000001a6f3800 JavaThread "stderr" daemon [_thread_in_native, id=11448, stack(0x0000000028bc0000,0x0000000028cc0000)]
  0x000000001a6f2800 JavaThread "stdout" daemon [_thread_in_native, id=9332, stack(0x000000002a0c0000,0x000000002a1c0000)]
  0x000000001a6f1800 JavaThread "stderr" daemon [_thread_in_native, id=20860, stack(0x0000000029fc0000,0x000000002a0c0000)]
  0x000000001a6f8800 JavaThread "stdout" daemon [_thread_in_native, id=19312, stack(0x0000000029ec0000,0x0000000029fc0000)]
  0x000000001a6f8000 JavaThread "stderr" daemon [_thread_in_native, id=17080, stack(0x0000000029dc0000,0x0000000029ec0000)]
  0x000000001a6f5000 JavaThread "queued-resource-processor_184" daemon [_thread_blocked, id=2968, stack(0x0000000029cc0000,0x0000000029dc0000)]
  0x000000001a6f7000 JavaThread "queued-resource-processor_183" daemon [_thread_blocked, id=11368, stack(0x0000000029bc0000,0x0000000029cc0000)]
  0x000000001a6ea000 JavaThread "queued-resource-processor_182" daemon [_thread_blocked, id=18792, stack(0x0000000029ac0000,0x0000000029bc0000)]
  0x000000001a6f1000 JavaThread "queued-resource-processor_181" daemon [_thread_blocked, id=21124, stack(0x00000000293c0000,0x00000000294c0000)]
  0x000000001a6eb000 JavaThread "queued-resource-processor_180" daemon [_thread_blocked, id=4868, stack(0x00000000291a0000,0x00000000292a0000)]
  0x000000001a6f0000 JavaThread "queued-resource-processor_179" daemon [_thread_blocked, id=7404, stack(0x00000000290a0000,0x00000000291a0000)]
  0x000000001a6ee800 JavaThread "queued-resource-processor_178" daemon [_thread_blocked, id=21156, stack(0x0000000028fa0000,0x00000000290a0000)]
  0x000000001a6ed000 JavaThread "queued-resource-processor_177" daemon [_thread_blocked, id=14008, stack(0x0000000028ea0000,0x0000000028fa0000)]
  0x000000001a6ef800 JavaThread "Cache worker for Build Output Cleanup Cache (D:\Code\JavaCode\dagger\java\dagger\example\Piaprobox\.gradle\buildOutputCleanup)" [_thread_blocked, id=20424, stack(0x0000000028ac0000,0x0000000028bc0000)]
  0x000000001a6ec800 JavaThread "Cache worker for task history cache (D:\Code\JavaCode\dagger\java\dagger\example\Piaprobox\.gradle\4.10.1\taskHistory)" [_thread_blocked, id=19252, stack(0x00000000289c0000,0x0000000028ac0000)]
  0x0000000022403800 JavaThread "Task worker for ':' Thread 11" [_thread_blocked, id=6868, stack(0x00000000288c0000,0x00000000289c0000)]
  0x0000000022402800 JavaThread "Task worker for ':' Thread 10" [_thread_blocked, id=4360, stack(0x00000000284c0000,0x00000000285c0000)]
  0x0000000022404000 JavaThread "Task worker for ':' Thread 9" [_thread_blocked, id=3176, stack(0x0000000027ec0000,0x0000000027fc0000)]
  0x0000000022402000 JavaThread "Task worker for ':' Thread 8" [_thread_blocked, id=5416, stack(0x0000000027bc0000,0x0000000027cc0000)]
  0x00000000223f9800 JavaThread "Task worker for ':' Thread 7" [_thread_blocked, id=5776, stack(0x00000000273c0000,0x00000000274c0000)]
  0x00000000223fa800 JavaThread "Task worker for ':' Thread 6" [_thread_blocked, id=17736, stack(0x00000000272c0000,0x00000000273c0000)]
  0x0000000022400800 JavaThread "Task worker for ':' Thread 5" [_thread_blocked, id=4484, stack(0x00000000271c0000,0x00000000272c0000)]
  0x00000000223f9000 JavaThread "Task worker for ':' Thread 4" [_thread_blocked, id=1972, stack(0x00000000270c0000,0x00000000271c0000)]
  0x00000000223ff000 JavaThread "Task worker for ':' Thread 3" [_thread_blocked, id=20728, stack(0x0000000026fc0000,0x00000000270c0000)]
  0x00000000223ff800 JavaThread "Task worker for ':' Thread 2" [_thread_blocked, id=14184, stack(0x0000000026ec0000,0x0000000026fc0000)]
  0x00000000223fe000 JavaThread "Task worker for ':'" [_thread_in_native, id=9228, stack(0x0000000026dc0000,0x0000000026ec0000)]
  0x00000000223f6800 JavaThread "Cache worker for file content cache (D:\Code\JavaCode\dagger\java\dagger\example\Piaprobox\.gradle\4.10.1\fileContent)" [_thread_blocked, id=4968, stack(0x0000000026cc0000,0x0000000026dc0000)]
  0x00000000223fd800 JavaThread "Build operations Thread 12" [_thread_blocked, id=15068, stack(0x0000000026bc0000,0x0000000026cc0000)]
  0x00000000223f6000 JavaThread "Build operations Thread 11" [_thread_blocked, id=15388, stack(0x0000000023bb0000,0x0000000023cb0000)]
  0x00000000223f8000 JavaThread "Build operations Thread 10" [_thread_blocked, id=4144, stack(0x00000000235b0000,0x00000000236b0000)]
  0x00000000223f5000 JavaThread "Build operations Thread 9" [_thread_blocked, id=19548, stack(0x00000000234b0000,0x00000000235b0000)]
  0x00000000223f7800 JavaThread "Build operations Thread 8" [_thread_blocked, id=15712, stack(0x00000000233b0000,0x00000000234b0000)]
  0x00000000223fb000 JavaThread "Build operations Thread 7" [_thread_blocked, id=17852, stack(0x00000000232b0000,0x00000000233b0000)]
  0x000000001c198800 JavaThread "Build operations Thread 6" [_thread_blocked, id=5588, stack(0x00000000231b0000,0x00000000232b0000)]
  0x000000001c197000 JavaThread "Build operations Thread 5" [_thread_blocked, id=20124, stack(0x00000000230b0000,0x00000000231b0000)]
  0x000000001c196800 JavaThread "Build operations Thread 4" [_thread_blocked, id=9060, stack(0x0000000022bf0000,0x0000000022cf0000)]
  0x000000001c195800 JavaThread "Build operations Thread 3" [_thread_blocked, id=2996, stack(0x0000000022af0000,0x0000000022bf0000)]
  0x000000001c18e000 JavaThread "Build operations Thread 2" [_thread_blocked, id=17760, stack(0x00000000229f0000,0x0000000022af0000)]
  0x000000001c195000 JavaThread "Build operations" [_thread_blocked, id=5496, stack(0x00000000228f0000,0x00000000229f0000)]
  0x000000001c194000 JavaThread "Cache worker for cache directory md-rule (C:\Users\NemesissLin\.gradle\caches\4.10.1\md-rule)" [_thread_blocked, id=12648, stack(0x00000000213f0000,0x00000000214f0000)]
  0x000000001c193800 JavaThread "Cache worker for cache directory md-supplier (C:\Users\NemesissLin\.gradle\caches\4.10.1\md-supplier)" [_thread_blocked, id=3380, stack(0x000000001e5f0000,0x000000001e6f0000)]
  0x000000001c192800 JavaThread "Cache worker for file hash cache (D:\Code\JavaCode\dagger\java\dagger\example\Piaprobox\.gradle\4.10.1\fileHashes)" [_thread_blocked, id=14212, stack(0x000000001cf20000,0x000000001d020000)]
  0x000000001c192000 JavaThread "Stdin handler" [_thread_blocked, id=9704, stack(0x000000001cd20000,0x000000001ce20000)]
  0x000000001c18d800 JavaThread "Asynchronous log dispatcher for DefaultDaemonConnection: socket connection from /127.0.0.1:57970 to /127.0.0.1:60931" [_thread_blocked, id=1992, stack(0x000000001ca20000,0x000000001cb20000)]
  0x000000001c18f800 JavaThread "Cancel handler" [_thread_blocked, id=1104, stack(0x00000000007d0000,0x00000000008d0000)]
  0x000000001c18f000 JavaThread "Handler for socket connection from /127.0.0.1:57970 to /127.0.0.1:60931" [_thread_in_native, id=1216, stack(0x00000000006d0000,0x00000000007d0000)]
  0x000000002458b000 JavaThread "Daemon worker Thread 9" [_thread_blocked, id=20956, stack(0x000000001c920000,0x000000001ca20000)]
  0x0000000024583800 JavaThread "Daemon Thread 9" [_thread_blocked, id=18956, stack(0x00000000005d0000,0x00000000006d0000)]
  0x000000002458c800 JavaThread "Cache worker for Java compile cache (C:\Users\NemesissLin\.gradle\caches\4.10.1\javaCompile)" [_thread_blocked, id=9396, stack(0x00000000292c0000,0x00000000293c0000)]
  0x000000001c18c000 JavaThread "RMI Reaper" [_thread_blocked, id=13764, stack(0x00000000287c0000,0x00000000288c0000)]
  0x000000001c18b000 JavaThread "RMI TCP Accept-0" daemon [_thread_in_native, id=14612, stack(0x00000000286c0000,0x00000000287c0000)]
  0x000000001c191000 JavaThread "GC Daemon" daemon [_thread_blocked, id=12056, stack(0x00000000285c0000,0x00000000286c0000)]
  0x000000001c18a800 JavaThread "RMI Scheduler(0)" daemon [_thread_blocked, id=9208, stack(0x00000000283c0000,0x00000000284c0000)]
  0x0000000022401000 JavaThread "Cache worker for file content cache (C:\Users\NemesissLin\.gradle\caches\4.10.1\fileContent)" [_thread_blocked, id=20172, stack(0x00000000256c0000,0x00000000257c0000)]
  0x000000001a6ee000 JavaThread "Memory manager" [_thread_blocked, id=21244, stack(0x0000000023ab0000,0x0000000023bb0000)]
  0x000000001affe000 JavaThread "Cache worker for Artifact transforms cache (C:\Users\NemesissLin\.gradle\caches\transforms-1)" [_thread_blocked, id=7752, stack(0x0000000022db0000,0x0000000022eb0000)]
  0x000000001aff8800 JavaThread "Cache worker for journal cache (C:\Users\NemesissLin\.gradle\caches\journal-1)" [_thread_blocked, id=12740, stack(0x000000001e6f0000,0x000000001e7f0000)]
  0x000000001affb000 JavaThread "File lock request listener" [_thread_in_native, id=15508, stack(0x000000001d520000,0x000000001d620000)]
  0x000000001afff800 JavaThread "Cache worker for file hash cache (C:\Users\NemesissLin\.gradle\caches\4.10.1\fileHashes)" [_thread_blocked, id=16308, stack(0x000000001d420000,0x000000001d520000)]
  0x000000001ae88800 JavaThread "Daemon periodic checks" [_thread_blocked, id=15464, stack(0x000000001c820000,0x000000001c920000)]
  0x000000001ae8a000 JavaThread "Incoming local TCP Connector on port 57970" [_thread_in_native, id=5508, stack(0x000000001c5e0000,0x000000001c6e0000)]
  0x000000001b30e000 JavaThread "Daemon health stats" [_thread_blocked, id=2088, stack(0x000000001c2e0000,0x000000001c3e0000)]
  0x0000000017fca800 JavaThread "Service Thread" daemon [_thread_blocked, id=2728, stack(0x0000000019940000,0x0000000019a40000)]
  0x0000000017f43000 JavaThread "C1 CompilerThread3" daemon [_thread_blocked, id=18808, stack(0x0000000019840000,0x0000000019940000)]
  0x0000000017f42000 JavaThread "C2 CompilerThread2" daemon [_thread_blocked, id=20144, stack(0x0000000019740000,0x0000000019840000)]
  0x0000000017f3d800 JavaThread "C2 CompilerThread1" daemon [_thread_blocked, id=21264, stack(0x0000000019640000,0x0000000019740000)]
=>0x0000000017f37800 JavaThread "C2 CompilerThread0" daemon [_thread_in_native, id=13992, stack(0x0000000019540000,0x0000000019640000)]
  0x0000000017f36000 JavaThread "Attach Listener" daemon [_thread_blocked, id=18092, stack(0x0000000019440000,0x0000000019540000)]
  0x0000000017ee3800 JavaThread "Signal Dispatcher" daemon [_thread_blocked, id=7228, stack(0x0000000019340000,0x0000000019440000)]
  0x000000000281c000 JavaThread "Finalizer" daemon [_thread_blocked, id=4480, stack(0x0000000019120000,0x0000000019220000)]
  0x0000000017ec3000 JavaThread "Reference Handler" daemon [_thread_blocked, id=18784, stack(0x0000000019020000,0x0000000019120000)]
  0x0000000002722800 JavaThread "main" [_thread_blocked, id=6160, stack(0x0000000002600000,0x0000000002700000)]

Other Threads:
  0x00000000167d6800 VMThread [stack: 0x0000000018f20000,0x0000000019020000] [id=304]
  0x0000000017fea000 WatcherThread [stack: 0x0000000019a40000,0x0000000019b40000] [id=21152]

VM state:not at safepoint (normal execution)

VM Mutex/Monitor currently owned by a thread: None

heap address: 0x00000000a0000000, size: 1536 MB, Compressed Oops mode: 32-bit
Narrow klass base: 0x0000000000000000, Narrow klass shift: 3
Compressed class space size: 1073741824 Address: 0x0000000100000000

Heap:
 PSYoungGen      total 276992K, used 180551K [0x00000000e0000000, 0x00000000f3700000, 0x0000000100000000)
  eden space 252416K, 61% used [0x00000000e0000000,0x00000000e9853350,0x00000000ef680000)
  from space 24576K, 99% used [0x00000000f1f00000,0x00000000f36fe9f8,0x00000000f3700000)
  to   space 32256K, 0% used [0x00000000ef800000,0x00000000ef800000,0x00000000f1780000)
 ParOldGen       total 199680K, used 71386K [0x00000000a0000000, 0x00000000ac300000, 0x00000000e0000000)
  object space 199680K, 35% used [0x00000000a0000000,0x00000000a45b6b90,0x00000000ac300000)
 Metaspace       used 91002K, capacity 98160K, committed 98176K, reserved 1134592K
  class space    used 11927K, capacity 13427K, committed 13440K, reserved 1048576K

Card table byte_map: [0x0000000011be0000,0x0000000011ef0000] byte_map_base: 0x00000000116e0000

Marking Bits: (ParMarkBitMap*) 0x00000000651f5ce0
 Begin Bits: [0x0000000012af0000, 0x00000000142f0000)
 End Bits:   [0x00000000142f0000, 0x0000000015af0000)

Polling page: 0x00000000009b0000

CodeCache: size=245760Kb used=63157Kb max_used=63199Kb free=182602Kb
 bounds [0x0000000002820000, 0x0000000006680000, 0x0000000011820000]
 total_blobs=18302 nmethods=17415 adapters=796
 compilation: enabled

Compilation events (10 events):
Event: 3221.506 Thread 0x0000000017f43000 nmethod 22155 0x0000000006419850 code [0x0000000006419a40, 0x000000000641a398]
Event: 3221.531 Thread 0x0000000017f37800 22156   !   4       java.util.Formatter::format (271 bytes)
Event: 3221.534 Thread 0x0000000017f43000 22158   !   3       com.sun.org.apache.xerces.internal.parsers.AbstractSAXParser::getProperty (217 bytes)
Event: 3221.535 Thread 0x0000000017f43000 nmethod 22158 0x0000000004203fd0 code [0x0000000004204300, 0x0000000004205fa8]
Event: 3221.541 Thread 0x0000000017f43000 22159       3       com.android.utils.PositionXmlParser::parse (54 bytes)
Event: 3221.541 Thread 0x0000000017f43000 nmethod 22159 0x0000000004213ad0 code [0x0000000004213d60, 0x0000000004215108]
Event: 3221.578 Thread 0x0000000017f3d800 nmethod 22151 0x00000000066291d0 code [0x0000000006629c80, 0x000000000662d880]
Event: 3221.578 Thread 0x0000000017f3d800 22157       4       com.sun.org.apache.xerces.internal.impl.XMLErrorReporter::<init> (21 bytes)
Event: 3221.579 Thread 0x0000000017f3d800 nmethod 22157 0x00000000054514d0 code [0x0000000005451620, 0x0000000005451718]
Event: 3221.630 Thread 0x0000000017f42000 nmethod 22134 0x0000000006657390 code [0x0000000006657b40, 0x000000000665f4e0]

GC Heap History (10 events):
Event: 2526.473 GC heap before
{Heap before GC invocations=21 (full 3):
 PSYoungGen      total 311808K, used 311418K [0x00000000e0000000, 0x00000000f5800000, 0x0000000100000000)
  eden space 294912K, 100% used [0x00000000e0000000,0x00000000f2000000,0x00000000f2000000)
  from space 16896K, 97% used [0x00000000f2980000,0x00000000f399e8b8,0x00000000f3a00000)
  to   space 28672K, 0% used [0x00000000f3c00000,0x00000000f3c00000,0x00000000f5800000)
 ParOldGen       total 199680K, used 69005K [0x00000000a0000000, 0x00000000ac300000, 0x00000000e0000000)
  object space 199680K, 34% used [0x00000000a0000000,0x00000000a4363780,0x00000000ac300000)
 Metaspace       used 84015K, capacity 90428K, committed 90624K, reserved 1128448K
  class space    used 11107K, capacity 12476K, committed 12544K, reserved 1048576K
Event: 2526.503 GC heap after
Heap after GC invocations=21 (full 3):
 PSYoungGen      total 304128K, used 17077K [0x00000000e0000000, 0x00000000f4e00000, 0x0000000100000000)
  eden space 285696K, 0% used [0x00000000e0000000,0x00000000e0000000,0x00000000f1700000)
  from space 18432K, 92% used [0x00000000f3c00000,0x00000000f4cad528,0x00000000f4e00000)
  to   space 28160K, 0% used [0x00000000f1700000,0x00000000f1700000,0x00000000f3280000)
 ParOldGen       total 199680K, used 69013K [0x00000000a0000000, 0x00000000ac300000, 0x00000000e0000000)
  object space 199680K, 34% used [0x00000000a0000000,0x00000000a4365780,0x00000000ac300000)
 Metaspace       used 84015K, capacity 90428K, committed 90624K, reserved 1128448K
  class space    used 11107K, capacity 12476K, committed 12544K, reserved 1048576K
}
Event: 2658.121 GC heap before
{Heap before GC invocations=22 (full 3):
 PSYoungGen      total 304128K, used 302773K [0x00000000e0000000, 0x00000000f4e00000, 0x0000000100000000)
  eden space 285696K, 100% used [0x00000000e0000000,0x00000000f1700000,0x00000000f1700000)
  from space 18432K, 92% used [0x00000000f3c00000,0x00000000f4cad528,0x00000000f4e00000)
  to   space 28160K, 0% used [0x00000000f1700000,0x00000000f1700000,0x00000000f3280000)
 ParOldGen       total 199680K, used 69013K [0x00000000a0000000, 0x00000000ac300000, 0x00000000e0000000)
  object space 199680K, 34% used [0x00000000a0000000,0x00000000a4365780,0x00000000ac300000)
 Metaspace       used 84345K, capacity 90942K, committed 91264K, reserved 1128448K
  class space    used 11142K, capacity 12549K, committed 12672K, reserved 1048576K
Event: 2658.134 GC heap after
Heap after GC invocations=22 (full 3):
 PSYoungGen      total 289792K, used 12389K [0x00000000e0000000, 0x00000000f4380000, 0x0000000100000000)
  eden space 276992K, 0% used [0x00000000e0000000,0x00000000e0000000,0x00000000f0e80000)
  from space 12800K, 96% used [0x00000000f1700000,0x00000000f23194b8,0x00000000f2380000)
  to   space 27136K, 0% used [0x00000000f2900000,0x00000000f2900000,0x00000000f4380000)
 ParOldGen       total 199680K, used 69021K [0x00000000a0000000, 0x00000000ac300000, 0x00000000e0000000)
  object space 199680K, 34% used [0x00000000a0000000,0x00000000a4367780,0x00000000ac300000)
 Metaspace       used 84345K, capacity 90942K, committed 91264K, reserved 1128448K
  class space    used 11142K, capacity 12549K, committed 12672K, reserved 1048576K
}
Event: 2683.101 GC heap before
{Heap before GC invocations=23 (full 3):
 PSYoungGen      total 289792K, used 289381K [0x00000000e0000000, 0x00000000f4380000, 0x0000000100000000)
  eden space 276992K, 100% used [0x00000000e0000000,0x00000000f0e80000,0x00000000f0e80000)
  from space 12800K, 96% used [0x00000000f1700000,0x00000000f23194b8,0x00000000f2380000)
  to   space 27136K, 0% used [0x00000000f2900000,0x00000000f2900000,0x00000000f4380000)
 ParOldGen       total 199680K, used 69021K [0x00000000a0000000, 0x00000000ac300000, 0x00000000e0000000)
  object space 199680K, 34% used [0x00000000a0000000,0x00000000a4367780,0x00000000ac300000)
 Metaspace       used 84567K, capacity 91298K, committed 91520K, reserved 1128448K
  class space    used 11162K, capacity 12585K, committed 12672K, reserved 1048576K
Event: 2683.108 GC heap after
Heap after GC invocations=23 (full 3):
 PSYoungGen      total 284672K, used 12917K [0x00000000e0000000, 0x00000000f3900000, 0x0000000100000000)
  eden space 268288K, 0% used [0x00000000e0000000,0x00000000e0000000,0x00000000f0600000)
  from space 16384K, 78% used [0x00000000f2900000,0x00000000f359d4d8,0x00000000f3900000)
  to   space 26112K, 0% used [0x00000000f0600000,0x00000000f0600000,0x00000000f1f80000)
 ParOldGen       total 199680K, used 69029K [0x00000000a0000000, 0x00000000ac300000, 0x00000000e0000000)
  object space 199680K, 34% used [0x00000000a0000000,0x00000000a4369780,0x00000000ac300000)
 Metaspace       used 84567K, capacity 91298K, committed 91520K, reserved 1128448K
  class space    used 11162K, capacity 12585K, committed 12672K, reserved 1048576K
}
Event: 2705.496 GC heap before
{Heap before GC invocations=24 (full 3):
 PSYoungGen      total 284672K, used 281205K [0x00000000e0000000, 0x00000000f3900000, 0x0000000100000000)
  eden space 268288K, 100% used [0x00000000e0000000,0x00000000f0600000,0x00000000f0600000)
  from space 16384K, 78% used [0x00000000f2900000,0x00000000f359d4d8,0x00000000f3900000)
  to   space 26112K, 0% used [0x00000000f0600000,0x00000000f0600000,0x00000000f1f80000)
 ParOldGen       total 199680K, used 69029K [0x00000000a0000000, 0x00000000ac300000, 0x00000000e0000000)
  object space 199680K, 34% used [0x00000000a0000000,0x00000000a4369780,0x00000000ac300000)
 Metaspace       used 90527K, capacity 97458K, committed 97536K, reserved 1134592K
  class space    used 11869K, capacity 13296K, committed 13312K, reserved 1048576K
Event: 2705.517 GC heap after
Heap after GC invocations=24 (full 3):
 PSYoungGen      total 285696K, used 25336K [0x00000000e0000000, 0x00000000f3700000, 0x0000000100000000)
  eden space 260096K, 0% used [0x00000000e0000000,0x00000000e0000000,0x00000000efe00000)
  from space 25600K, 98% used [0x00000000f0600000,0x00000000f1ebe0d0,0x00000000f1f00000)
  to   space 24576K, 0% used [0x00000000f1f00000,0x00000000f1f00000,0x00000000f3700000)
 ParOldGen       total 199680K, used 69037K [0x00000000a0000000, 0x00000000ac300000, 0x00000000e0000000)
  object space 199680K, 34% used [0x00000000a0000000,0x00000000a436b780,0x00000000ac300000)
 Metaspace       used 90527K, capacity 97458K, committed 97536K, reserved 1134592K
  class space    used 11869K, capacity 13296K, committed 13312K, reserved 1048576K
}
Event: 3192.244 GC heap before
{Heap before GC invocations=25 (full 3):
 PSYoungGen      total 285696K, used 285432K [0x00000000e0000000, 0x00000000f3700000, 0x0000000100000000)
  eden space 260096K, 100% used [0x00000000e0000000,0x00000000efe00000,0x00000000efe00000)
  from space 25600K, 98% used [0x00000000f0600000,0x00000000f1ebe0d0,0x00000000f1f00000)
  to   space 24576K, 0% used [0x00000000f1f00000,0x00000000f1f00000,0x00000000f3700000)
 ParOldGen       total 199680K, used 69037K [0x00000000a0000000, 0x00000000ac300000, 0x00000000e0000000)
  object space 199680K, 34% used [0x00000000a0000000,0x00000000a436b780,0x00000000ac300000)
 Metaspace       used 90892K, capacity 98018K, committed 98176K, reserved 1134592K
  class space    used 11911K, capacity 13414K, committed 13440K, reserved 1048576K
Event: 3192.256 GC heap after
Heap after GC invocations=25 (full 3):
 PSYoungGen      total 276992K, used 24570K [0x00000000e0000000, 0x00000000f3700000, 0x0000000100000000)
  eden space 252416K, 0% used [0x00000000e0000000,0x00000000e0000000,0x00000000ef680000)
  from space 24576K, 99% used [0x00000000f1f00000,0x00000000f36fe9f8,0x00000000f3700000)
  to   space 32256K, 0% used [0x00000000ef800000,0x00000000ef800000,0x00000000f1780000)
 ParOldGen       total 199680K, used 71386K [0x00000000a0000000, 0x00000000ac300000, 0x00000000e0000000)
  object space 199680K, 35% used [0x00000000a0000000,0x00000000a45b6b90,0x00000000ac300000)
 Metaspace       used 90892K, capacity 98018K, committed 98176K, reserved 1134592K
  class space    used 11911K, capacity 13414K, committed 13440K, reserved 1048576K
}

Deoptimization events (10 events):
Event: 3192.650 Thread 0x00000000223f6800 Uncommon trap: reason=unstable_if action=reinterpret pc=0x00000000055da268 method=com.google.common.util.concurrent.AbstractFuture.getDoneValue(Ljava/lang/Object;)Ljava/lang/Object; @ 24
Event: 3192.653 Thread 0x00000000223f6800 Uncommon trap: reason=unstable_if action=reinterpret pc=0x00000000055d0d98 method=com.google.common.util.concurrent.AbstractFuture.getDoneValue(Ljava/lang/Object;)Ljava/lang/Object; @ 24
Event: 3192.663 Thread 0x0000000024586800 Uncommon trap: reason=unstable_if action=reinterpret pc=0x0000000005594f0c method=com.google.common.util.concurrent.AbstractFuture.getDoneValue(Ljava/lang/Object;)Ljava/lang/Object; @ 24
Event: 3192.663 Thread 0x000000001c192800 Uncommon trap: reason=unstable_if action=reinterpret pc=0x0000000005594f0c method=com.google.common.util.concurrent.AbstractFuture.getDoneValue(Ljava/lang/Object;)Ljava/lang/Object; @ 24
Event: 3197.405 Thread 0x000000002458d000 Uncommon trap: reason=bimorphic action=maybe_recompile pc=0x0000000004e3d6a0 method=java.io.PrintStream.write([BII)V @ 16
Event: 3197.406 Thread 0x000000002458d000 Uncommon trap: reason=bimorphic action=maybe_recompile pc=0x0000000004e3d6a0 method=java.io.PrintStream.write([BII)V @ 16
Event: 3197.406 Thread 0x000000002458d000 Uncommon trap: reason=bimorphic action=maybe_recompile pc=0x0000000004e3d6a0 method=java.io.PrintStream.write([BII)V @ 16
Event: 3197.406 Thread 0x000000002458d000 Uncommon trap: reason=bimorphic action=maybe_recompile pc=0x0000000004e3d6a0 method=java.io.PrintStream.write([BII)V @ 16
Event: 3197.477 Thread 0x000000002458b000 Uncommon trap: reason=unstable_if action=reinterpret pc=0x000000000614d360 method=com.google.common.cache.LocalCache.getLiveValue(Lcom/google/common/cache/LocalCache$ReferenceEntry;J)Ljava/lang/Object; @ 26
Event: 3221.241 Thread 0x000000002458b000 Uncommon trap: reason=class_check action=maybe_recompile pc=0x00000000050e34ac method=org.gradle.api.internal.artifacts.configurations.DefaultConfiguration.runDependencyActions()V @ 8

Classes redefined (0 events):
No events

Internal exceptions (10 events):
Event: 3221.203 Thread 0x000000002458b000 Exception <a 'sun/nio/fs/WindowsException'> (0x00000000e40d81e8) thrown at [C:\re\workspace\8-2-build-windows-amd64-cygwin\jdk8u221\13320\hotspot\src\share\vm\prims\jni.cpp, line 710]
Event: 3221.203 Thread 0x000000002458b000 Exception <a 'sun/nio/fs/WindowsException'> (0x00000000e40d8d40) thrown at [C:\re\workspace\8-2-build-windows-amd64-cygwin\jdk8u221\13320\hotspot\src\share\vm\prims\jni.cpp, line 710]
Event: 3221.203 Thread 0x000000002458b000 Exception <a 'sun/nio/fs/WindowsException'> (0x00000000e40dbf08) thrown at [C:\re\workspace\8-2-build-windows-amd64-cygwin\jdk8u221\13320\hotspot\src\share\vm\prims\jni.cpp, line 710]
Event: 3221.203 Thread 0x000000002458b000 Exception <a 'sun/nio/fs/WindowsException'> (0x00000000e40dca30) thrown at [C:\re\workspace\8-2-build-windows-amd64-cygwin\jdk8u221\13320\hotspot\src\share\vm\prims\jni.cpp, line 710]
Event: 3221.203 Thread 0x000000002458b000 Exception <a 'sun/nio/fs/WindowsException'> (0x00000000e40deb10) thrown at [C:\re\workspace\8-2-build-windows-amd64-cygwin\jdk8u221\13320\hotspot\src\share\vm\prims\jni.cpp, line 710]
Event: 3221.203 Thread 0x000000002458b000 Exception <a 'sun/nio/fs/WindowsException'> (0x00000000e40df648) thrown at [C:\re\workspace\8-2-build-windows-amd64-cygwin\jdk8u221\13320\hotspot\src\share\vm\prims\jni.cpp, line 710]
Event: 3221.203 Thread 0x000000002458b000 Exception <a 'sun/nio/fs/WindowsException'> (0x00000000e40e2188) thrown at [C:\re\workspace\8-2-build-windows-amd64-cygwin\jdk8u221\13320\hotspot\src\share\vm\prims\jni.cpp, line 710]
Event: 3221.203 Thread 0x000000002458b000 Exception <a 'sun/nio/fs/WindowsException'> (0x00000000e40e2d00) thrown at [C:\re\workspace\8-2-build-windows-amd64-cygwin\jdk8u221\13320\hotspot\src\share\vm\prims\jni.cpp, line 710]
Event: 3221.203 Thread 0x000000002458b000 Exception <a 'sun/nio/fs/WindowsException'> (0x00000000e40e4ea8) thrown at [C:\re\workspace\8-2-build-windows-amd64-cygwin\jdk8u221\13320\hotspot\src\share\vm\prims\jni.cpp, line 710]
Event: 3221.203 Thread 0x000000002458b000 Exception <a 'sun/nio/fs/WindowsException'> (0x00000000e40e5a40) thrown at [C:\re\workspace\8-2-build-windows-amd64-cygwin\jdk8u221\13320\hotspot\src\share\vm\prims\jni.cpp, line 710]

Events (10 events):
Event: 3221.662 Thread 0x000000002458e000 Thread added: 0x000000002458e000
Event: 3221.662 Thread 0x0000000024587000 Thread added: 0x0000000024587000
Event: 3221.674 Thread 0x000000002458e800 Thread added: 0x000000002458e800
Event: 3221.674 Thread 0x000000002458f800 Thread added: 0x000000002458f800
Event: 3221.686 Thread 0x0000000024590000 Thread added: 0x0000000024590000
Event: 3221.686 Thread 0x0000000024589800 Thread added: 0x0000000024589800
Event: 3221.694 Executing VM operation: RevokeBias
Event: 3221.695 Executing VM operation: RevokeBias done
Event: 3221.695 Thread 0x0000000024589800 Thread exited: 0x0000000024589800
Event: 3221.695 Thread 0x0000000024590000 Thread exited: 0x0000000024590000


Dynamic libraries:
0x00007ff6e0310000 - 0x00007ff6e0347000 	C:\Program Files\Java\jdk1.8.0_221\bin\java.exe
0x00007ffbcab40000 - 0x00007ffbcad30000 	C:\WINDOWS\SYSTEM32\ntdll.dll
0x00007ffbc9930000 - 0x00007ffbc99e2000 	C:\WINDOWS\System32\KERNEL32.DLL
0x00007ffbc8470000 - 0x00007ffbc8713000 	C:\WINDOWS\System32\KERNELBASE.dll
0x00007ffbc9db0000 - 0x00007ffbc9e53000 	C:\WINDOWS\System32\ADVAPI32.dll
0x00007ffbcaa60000 - 0x00007ffbcaafe000 	C:\WINDOWS\System32\msvcrt.dll
0x00007ffbc99f0000 - 0x00007ffbc9a87000 	C:\WINDOWS\System32\sechost.dll
0x00007ffbc9810000 - 0x00007ffbc9930000 	C:\WINDOWS\System32\RPCRT4.dll
0x00007ffbc9f80000 - 0x00007ffbca113000 	C:\WINDOWS\System32\USER32.dll
0x00007ffbc8440000 - 0x00007ffbc8461000 	C:\WINDOWS\System32\win32u.dll
0x00007ffbca230000 - 0x00007ffbca256000 	C:\WINDOWS\System32\GDI32.dll
0x00007ffbc8720000 - 0x00007ffbc88b4000 	C:\WINDOWS\System32\gdi32full.dll
0x00007ffbc7c00000 - 0x00007ffbc7c9e000 	C:\WINDOWS\System32\msvcp_win.dll
0x00007ffbc7ad0000 - 0x00007ffbc7bca000 	C:\WINDOWS\System32\ucrtbase.dll
0x00007ffbb03e0000 - 0x00007ffbb0665000 	C:\WINDOWS\WinSxS\amd64_microsoft.windows.common-controls_6595b64144ccf1df_6.0.18362.295_none_e6c3acbd13101292\COMCTL32.dll
0x00007ffbca270000 - 0x00007ffbca5a6000 	C:\WINDOWS\System32\combase.dll
0x00007ffbc8b70000 - 0x00007ffbc8bf0000 	C:\WINDOWS\System32\bcryptPrimitives.dll
0x00007ffbc9b10000 - 0x00007ffbc9b3e000 	C:\WINDOWS\System32\IMM32.DLL
0x0000000065280000 - 0x0000000065352000 	C:\Program Files\Java\jdk1.8.0_221\jre\bin\msvcr100.dll
0x00000000649d0000 - 0x0000000065275000 	C:\Program Files\Java\jdk1.8.0_221\jre\bin\server\jvm.dll
0x00007ffbca260000 - 0x00007ffbca268000 	C:\WINDOWS\System32\PSAPI.DLL
0x00007ffba78e0000 - 0x00007ffba78e9000 	C:\WINDOWS\SYSTEM32\WSOCK32.dll
0x00007ffbc51b0000 - 0x00007ffbc51d4000 	C:\WINDOWS\SYSTEM32\WINMM.dll
0x00007ffbbdb80000 - 0x00007ffbbdb8a000 	C:\WINDOWS\SYSTEM32\VERSION.dll
0x00007ffbca920000 - 0x00007ffbca98f000 	C:\WINDOWS\System32\WS2_32.dll
0x00007ffbc5180000 - 0x00007ffbc51ad000 	C:\WINDOWS\SYSTEM32\WINMMBASE.dll
0x00007ffbc8b20000 - 0x00007ffbc8b6a000 	C:\WINDOWS\System32\cfgmgr32.dll
0x00007ffbbb820000 - 0x00007ffbbb82f000 	C:\Program Files\Java\jdk1.8.0_221\jre\bin\verify.dll
0x00007ffbb55e0000 - 0x00007ffbb5609000 	C:\Program Files\Java\jdk1.8.0_221\jre\bin\java.dll
0x00007ffbb5ab0000 - 0x00007ffbb5ac6000 	C:\Program Files\Java\jdk1.8.0_221\jre\bin\zip.dll
0x00007ffbc8bf0000 - 0x00007ffbc92d2000 	C:\WINDOWS\System32\SHELL32.dll
0x00007ffbc9ed0000 - 0x00007ffbc9f79000 	C:\WINDOWS\System32\shcore.dll
0x00007ffbc7ca0000 - 0x00007ffbc841c000 	C:\WINDOWS\System32\windows.storage.dll
0x00007ffbc7a70000 - 0x00007ffbc7a8f000 	C:\WINDOWS\System32\profapi.dll
0x00007ffbc7a20000 - 0x00007ffbc7a6a000 	C:\WINDOWS\System32\powrprof.dll
0x00007ffbc7a10000 - 0x00007ffbc7a20000 	C:\WINDOWS\System32\UMPDC.dll
0x00007ffbca1d0000 - 0x00007ffbca222000 	C:\WINDOWS\System32\shlwapi.dll
0x00007ffbc7a90000 - 0x00007ffbc7aa1000 	C:\WINDOWS\System32\kernel.appcore.dll
0x00007ffbc8420000 - 0x00007ffbc8437000 	C:\WINDOWS\System32\cryptsp.dll
0x00007ffbb53a0000 - 0x00007ffbb53ba000 	C:\Program Files\Java\jdk1.8.0_221\jre\bin\net.dll
0x00007ffbafee0000 - 0x00007ffbb00b6000 	C:\WINDOWS\SYSTEM32\urlmon.dll
0x00007ffbafc30000 - 0x00007ffbafed6000 	C:\WINDOWS\SYSTEM32\iertutil.dll
0x00007ffbc73f0000 - 0x00007ffbc73fc000 	C:\WINDOWS\SYSTEM32\CRYPTBASE.DLL
0x00007ffbc7220000 - 0x00007ffbc7287000 	C:\WINDOWS\system32\mswsock.dll
0x00007ffbb5380000 - 0x00007ffbb5392000 	C:\Program Files\Java\jdk1.8.0_221\jre\bin\nio.dll
0x00007ffbbb830000 - 0x00007ffbbb84e000 	C:\Users\NemesissLin\.gradle\native\25\windows-amd64\native-platform.dll
0x00007ffbbab50000 - 0x00007ffbbab5d000 	C:\Program Files\Java\jdk1.8.0_221\jre\bin\management.dll
0x00007ffbc6d90000 - 0x00007ffbc6dc3000 	C:\WINDOWS\system32\rsaenh.dll
0x00007ffbc7bd0000 - 0x00007ffbc7bf6000 	C:\WINDOWS\System32\bcrypt.dll
0x00007ffbc7900000 - 0x00007ffbc7925000 	C:\WINDOWS\SYSTEM32\USERENV.dll
0x00007ffbc6f30000 - 0x00007ffbc6f6a000 	C:\WINDOWS\SYSTEM32\IPHLPAPI.DLL
0x00007ffbc9b60000 - 0x00007ffbc9b68000 	C:\WINDOWS\System32\NSI.dll
0x00007ffbc0ff0000 - 0x00007ffbc1006000 	C:\WINDOWS\SYSTEM32\dhcpcsvc6.DLL
0x00007ffbc05b0000 - 0x00007ffbc05cc000 	C:\WINDOWS\SYSTEM32\dhcpcsvc.DLL
0x00007ffbc6f70000 - 0x00007ffbc703a000 	C:\WINDOWS\SYSTEM32\DNSAPI.dll
0x00007ffbc6a70000 - 0x00007ffbc6aa1000 	C:\WINDOWS\SYSTEM32\ntmarta.dll
0x00007ffbb6950000 - 0x00007ffbb696e000 	C:\Users\NemesissLin\AppData\Local\Temp\native-platform3354665417857694088dir\native-platform.dll

VM Arguments:
jvm_args: -Xmx1536m -Dfile.encoding=GBK -Duser.country=US -Duser.language=en -Duser.variant 
java_command: org.gradle.launcher.daemon.bootstrap.GradleDaemon 4.10.1
java_class_path (initial): C:\Users\NemesissLin\.gradle\wrapper\dists\gradle-4.10.1-all\455itskqi2qtf0v2sja68alqd\gradle-4.10.1\lib\gradle-launcher-4.10.1.jar
Launcher Type: SUN_STANDARD

Environment Variables:
CLASSPATH=.;C:\Program Files (x86)\QuickTime\QTSystem\QTJava.zip
PATH=C:\Program Files (x86)\NetSarang\Xshell 6\;C:\Program Files\NVIDIA GPU Computing Toolkit\CUDA\v10.0\bin;C:\Program Files\NVIDIA GPU Computing Toolkit\CUDA\v10.0\libnvvp;C:\Program Files (x86)\Common Files\Oracle\Java\javapath;C:\Windows\system32;C:\Windows;C:\Windows\System32\Wbem;C:\Windows\System32\WindowsPowerShell\v1.0\;C:\Windows\System32\OpenSSH\;C:\Program Files\nodejs\;C:\Program Files\Git\cmd;C:\Program Files\dotnet\;D:\Software\PortableSoftware\BaiduPCS;D:\Software\PortableSoftware\ffmpeg\bin;D:\Tools\Scripts;D:\android-sdk\platform-tools;C:\Program Files (x86)\QuickTime\QTSystem\;C:\Program Files (x86)\NVIDIA Corporation\PhysX\Common;C:\Program Files\NVIDIA Corporation\NVIDIA NvDLISR;C:\WINDOWS\system32;C:\WINDOWS;C:\WINDOWS\System32\Wbem;C:\WINDOWS\System32\WindowsPowerShell\v1.0\;C:\WINDOWS\System32\OpenSSH\;D:\Software\PortableSoftware\cudnn\cuda\bin;C:\Program Files\NVIDIA GPU Computing Toolkit\CUDA\v10.0\extras\CUPTI\lib64;C:\Program Files\NVIDIA GPU Computing Toolkit\CUDA\v10.0\include;C:\strawberry\c\bin;C:\strawberry\perl\bin;C:\Program Files\Java\jdk1.8.0_221\bin;D:\flutter-sdk\flutter\bin;C:\ProgramData\chocolatey\bin;C:\Go\bin;C:\Users\NemesissLin\AppData\Local\Programs\Python\Python37\Scripts\;C:\Users\NemesissLin\AppData\Local\Programs\Python\Python37\;C:\Users\NemesissLin\AppData\Local\Microsoft\WindowsApps;;C:\Users\NemesissLin\AppData\Local\Programs\Fiddler;C:\Users\NemesissLin\AppData\Roaming\npm;C:\Users\NemesissLin\AppData\Local\Programs\Microsoft VS Code\bin;C:\Users\NemesissLin\.dotnet\tools;C:\Users\NemesissLin\AppData\Local\Microsoft\WindowsApps;C:\Users\NemesissLin\AppData\Local\Pandoc\;C:\Users\NemesissLin\.deno\bin;C:\tools\dart-sdk\bin;C:\Users\NemesissLin\AppData\Roaming\Pub\Cache\bin;C:\Users\NemesissLin\go\bin
USERNAME=NemesissLin
OS=Windows_NT
PROCESSOR_IDENTIFIER=Intel64 Family 6 Model 158 Stepping 10, GenuineIntel



---------------  S Y S T E M  ---------------

OS: Windows 10.0 , 64 bit Build 18362 (10.0.18362.86)

CPU:total 12 (initial active 12) (6 cores per cpu, 2 threads per core) family 6 model 158 stepping 10, cmov, cx8, fxsr, mmx, sse, sse2, sse3, ssse3, sse4.1, sse4.2, popcnt, avx, avx2, aes, clmul, erms, 3dnowpref, lzcnt, ht, tsc, tscinvbit, bmi1, bmi2, adx

Memory: 4k page, physical 16552504k(6761384k free), swap 18649656k(3152k free)

vm_info: Java HotSpot(TM) 64-Bit Server VM (25.221-b11) for windows-amd64 JRE (1.8.0_221-b11), built on Jul  4 2019 04:39:29 by "java_re" with MS VC++ 10.0 (VS2010)

time: Sat Jan 25 21:24:52 2020
timezone: China Standard Time
elapsed time: 3221 seconds (0d 0h 53m 41s)

